# JRE version: Java(TM) SE Runtime Environment (8.0_102-b14) (build 1.8.0_102-b14)
# Java VM: Java HotSpot(TM) Client VM (25.102-b14 mixed mode windows-x86 )
Heap:
 def new generation   total 43712K, used 12303K [0x03c00000, 0x06b60000, 0x09150000)
  eden space 38912K,  27% used [0x03c00000, 0x046690a8, 0x06200000)
  from space 4800K,  34% used [0x06200000, 0x0639ac50, 0x066b0000)
  to   space 4800K,   0% used [0x066b0000, 0x066b0000, 0x06b60000)
 tenured generation   total 96992K, used 91025K [0x09150000, 0x0f008000, 0x13c00000)
   the space 96992K,  93% used [0x09150000, 0x0ea34598, 0x0ea34600, 0x0f008000)
 Metaspace       used 50716K, capacity 52617K, committed 52736K, reserved 53632K
GC Heap History (10 events):
Event: 794.620 GC heap before
{Heap before GC invocations=208 (full 7):
 def new generation   total 43712K, used 40993K [0x03c00000, 0x06b60000, 0x09150000)
  eden space 38912K, 100% used [0x03c00000, 0x06200000, 0x06200000)
  from space 4800K,  43% used [0x066b0000, 0x068b8568, 0x06b60000)
  to   space 4800K,   0% used [0x06200000, 0x06200000, 0x066b0000)
 tenured generation   total 96992K, used 91025K [0x09150000, 0x0f008000, 0x13c00000)
   the space 96992K,  93% used [0x09150000, 0x0ea34598, 0x0ea34600, 0x0f008000)
 Metaspace       used 50713K, capacity 52617K, committed 52736K, reserved 53632K
Event: 794.628 GC heap after
Heap after GC invocations=209 (full 7):
 def new generation   total 43712K, used 2080K [0x03c00000, 0x06b60000, 0x09150000)
  eden space 38912K,   0% used [0x03c00000, 0x03c00000, 0x06200000)
  from space 4800K,  43% used [0x06200000, 0x06408340, 0x066b0000)
  to   space 4800K,   0% used [0x066b0000, 0x066b0000, 0x06b60000)
 tenured generation   total 96992K, used 91025K [0x09150000, 0x0f008000, 0x13c00000)
   the space 96992K,  93% used [0x09150000, 0x0ea34598, 0x0ea34600, 0x0f008000)
 Metaspace       used 50713K, capacity 52617K, committed 52736K, reserved 53632K
}
Event: 832.134 GC heap before
{Heap before GC invocations=209 (full 7):
 def new generation   total 43712K, used 40992K [0x03c00000, 0x06b60000, 0x09150000)
  eden space 38912K, 100% used [0x03c00000, 0x06200000, 0x06200000)
  from space 4800K,  43% used [0x06200000, 0x06408340, 0x066b0000)
  to   space 4800K,   0% used [0x066b0000, 0x066b0000, 0x06b60000)
 tenured generation   total 96992K, used 91025K [0x09150000, 0x0f008000, 0x13c00000)
   the space 96992K,  93% used [0x09150000, 0x0ea34598, 0x0ea34600, 0x0f008000)
 Metaspace       used 50713K, capacity 52617K, committed 52736K, reserved 53632K
Event: 832.145 GC heap after
Heap after GC invocations=210 (full 7):
 def new generation   total 43712K, used 1632K [0x03c00000, 0x06b60000, 0x09150000)
  eden space 38912K,   0% used [0x03c00000, 0x03c00000, 0x06200000)
  from space 4800K,  34% used [0x066b0000, 0x068481c8, 0x06b60000)
  to   space 4800K,   0% used [0x06200000, 0x06200000, 0x066b0000)
 tenured generation   total 96992K, used 91025K [0x09150000, 0x0f008000, 0x13c00000)
   the space 96992K,  93% used [0x09150000, 0x0ea34598, 0x0ea34600, 0x0f008000)
 Metaspace       used 50713K, capacity 52617K, committed 52736K, reserved 53632K
}
Event: 870.173 GC heap before
{Heap before GC invocations=210 (full 7):
 def new generation   total 43712K, used 40544K [0x03c00000, 0x06b60000, 0x09150000)
  eden space 38912K, 100% used [0x03c00000, 0x06200000, 0x06200000)
  from space 4800K,  34% used [0x066b0000, 0x068481c8, 0x06b60000)
  to   space 4800K,   0% used [0x06200000, 0x06200000, 0x066b0000)
 tenured generation   total 96992K, used 91025K [0x09150000, 0x0f008000, 0x13c00000)
   the space 96992K,  93% used [0x09150000, 0x0ea34598, 0x0ea34600, 0x0f008000)
 Metaspace       used 50713K, capacity 52617K, committed 52736K, reserved 53632K
Event: 870.183 GC heap after
Heap after GC invocations=211 (full 7):
 def new generation   total 43712K, used 1548K [0x03c00000, 0x06b60000, 0x09150000)
  eden space 38912K,   0% used [0x03c00000, 0x03c00000, 0x06200000)
  from space 4800K,  32% used [0x06200000, 0x063831c8, 0x066b0000)
  to   space 4800K,   0% used [0x066b0000, 0x066b0000, 0x06b60000)
 tenured generation   total 96992K, used 91025K [0x09150000, 0x0f008000, 0x13c00000)
   the space 96992K,  93% used [0x09150000, 0x0ea34598, 0x0ea34600, 0x0f008000)
 Metaspace       used 50713K, capacity 52617K, committed 52736K, reserved 53632K
}
Event: 907.446 GC heap before
{Heap before GC invocations=211 (full 7):
 def new generation   total 43712K, used 40460K [0x03c00000, 0x06b60000, 0x09150000)
  eden space 38912K, 100% used [0x03c00000, 0x06200000, 0x06200000)
  from space 4800K,  32% used [0x06200000, 0x063831c8, 0x066b0000)
  to   space 4800K,   0% used [0x066b0000, 0x066b0000, 0x06b60000)
 tenured generation   total 96992K, used 91025K [0x09150000, 0x0f008000, 0x13c00000)
   the space 96992K,  93% used [0x09150000, 0x0ea34598, 0x0ea34600, 0x0f008000)
 Metaspace       used 50713K, capacity 52617K, committed 52736K, reserved 53632K
Event: 907.453 GC heap after
Heap after GC invocations=212 (full 7):
 def new generation   total 43712K, used 1590K [0x03c00000, 0x06b60000, 0x09150000)
  eden space 38912K,   0% used [0x03c00000, 0x03c00000, 0x06200000)
  from space 4800K,  33% used [0x066b0000, 0x0683dbd0, 0x06b60000)
  to   space 4800K,   0% used [0x06200000, 0x06200000, 0x066b0000)
 tenured generation   total 96992K, used 91025K [0x09150000, 0x0f008000, 0x13c00000)
   the space 96992K,  93% used [0x09150000, 0x0ea34598, 0x0ea34600, 0x0f008000)
 Metaspace       used 50713K, capacity 52617K, committed 52736K, reserved 53632K
}
Event: 944.749 GC heap before
{Heap before GC invocations=212 (full 7):
 def new generation   total 43712K, used 40502K [0x03c00000, 0x06b60000, 0x09150000)
  eden space 38912K, 100% used [0x03c00000, 0x06200000, 0x06200000)
  from space 4800K,  33% used [0x066b0000, 0x0683dbd0, 0x06b60000)
  to   space 4800K,   0% used [0x06200000, 0x06200000, 0x066b0000)
 tenured generation   total 96992K, used 91025K [0x09150000, 0x0f008000, 0x13c00000)
   the space 96992K,  93% used [0x09150000, 0x0ea34598, 0x0ea34600, 0x0f008000)
 Metaspace       used 50713K, capacity 52617K, committed 52736K, reserved 53632K
Event: 944.756 GC heap after
Heap after GC invocations=213 (full 7):
 def new generation   total 43712K, used 1643K [0x03c00000, 0x06b60000, 0x09150000)
  eden space 38912K,   0% used [0x03c00000, 0x03c00000, 0x06200000)
  from space 4800K,  34% used [0x06200000, 0x0639ac50, 0x066b0000)
  to   space 4800K,   0% used [0x066b0000, 0x066b0000, 0x06b60000)
 tenured generation   total 96992K, used 91025K [0x09150000, 0x0f008000, 0x13c00000)
   the space 96992K,  93% used [0x09150000, 0x0ea34598, 0x0ea34600, 0x0f008000)
 Metaspace       used 50713K, capacity 52617K, committed 52736K, reserved 53632K
}

